{"timestamp":1571211909489,"system":"BADGE","actor":"bob","action":"ENTER","objects":["Building 1"],"location":"45.5,44.3","message":"Entered Building 1"}
{"timestamp":1571211912218,"system":"AD","actor":"bob","action":"LOGIN","objects":["workstation1"],"location":null,"message":"Logged in to workstation 1"}
{"timestamp":1571211916054,"system":"AUDIT","actor":"bob","action":"COPY","objects":["/data/file1.txt","/share/mystuff/file2.txt"],"location":null,"message":"Printed /data/file1.txt"}
{"timestamp":1571211918351,"system":"AUDIT","actor":"bob","action":"OPEN","objects":["/data/file1.txt","/share/mystuff/file2.txt"],"location":null,"message":"Printed /data/file1.txt"}
{"timestamp":1571211921575,"system":"AUDIT","actor":"bob","action":"OPEN","objects":["/data/file1.txt","/share/mystuff/file2.txt"],"location":null,"message":"Printed /data/file1.txt"}
{"timestamp":1571211925282,"system":"AUDIT","actor":"bob","action":"PRINT","objects":["/data/file1.txt","/share/mystuff/file2.txt"],"location":null,"message":"Printed /data/file1.txt"}
{"timestamp":1571211927752,"system":"AD","actor":"bob","action":"LOGOUT","objects":["workstation1"],"location":null,"message":"Logged out of workstation 1"}
{"timestamp":1571211931718,"system":"BADGE","actor":"bob","action":"EXIT","objects":["Building 1"],"location":"45.5,44.3","message":"Exited Building 1"}
{"timestamp":1571211944294,"system":"BADGE","actor":"bob","action":"ENTER","objects":["Building 1"],"location":"45.5,44.3","message":"Entered Building 1"}
{"timestamp":1571211947116,"system":"AD","actor":"bob","action":"LOGIN","objects":["workstation1"],"location":null,"message":"Logged in to workstation 1"}
{"timestamp":1571211949170,"system":"AUDIT","actor":"bob","action":"OPEN","objects":["/data/file1.txt","/share/mystuff/file2.txt"],"location":null,"message":"Printed /data/file1.txt"}
{"timestamp":1571211952031,"system":"AUDIT","actor":"bob","action":"PRINT","objects":["/data/file1.txt","/share/mystuff/file2.txt"],"location":null,"message":"Printed /data/file1.txt"}
{"timestamp":1571211955064,"system":"AUDIT","actor":"bob","action":"OPEN","objects":["/data/file1.txt","/share/mystuff/file2.txt"],"location":null,"message":"Printed /data/file1.txt"}
{"timestamp":1571211957715,"system":"AUDIT","actor":"bob","action":"COPY","objects":["/data/file1.txt","/share/mystuff/file2.txt"],"location":null,"message":"Printed /data/file1.txt"}
{"timestamp":1571211960374,"system":"AD","actor":"bob","action":"LOGOUT","objects":["workstation1"],"location":null,"message":"Logged out of workstation 1"}
{"timestamp":1571211964297,"system":"BADGE","actor":"bob","action":"EXIT","objects":["Building 1"],"location":"45.5,44.3","message":"Exited Building 1"}
{"timestamp":1571211977921,"system":"BADGE","actor":"bob","action":"ENTER","objects":["Building 1"],"location":"45.5,44.3","message":"Entered Building 1"}
{"timestamp":1571211981899,"system":"AD","actor":"bob","action":"LOGIN","objects":["workstation1"],"location":null,"message":"Logged in to workstation 1"}
{"timestamp":1571211984160,"system":"AUDIT","actor":"bob","action":"OPEN","objects":["/data/file1.txt","/share/mystuff/file2.txt"],"location":null,"message":"Printed /data/file1.txt"}
{"timestamp":1571211986830,"system":"AUDIT","actor":"bob","action":"PRINT","objects":["/data/file1.txt","/share/mystuff/file2.txt"],"location":null,"message":"Printed /data/file1.txt"}
{"timestamp":1571211989628,"system":"AUDIT","actor":"bob","action":"PRINT","objects":["/data/file1.txt","/share/mystuff/file2.txt"],"location":null,"message":"Printed /data/file1.txt"}
{"timestamp":1571211991655,"system":"AUDIT","actor":"bob","action":"PRINT","objects":["/data/file1.txt","/share/mystuff/file2.txt"],"location":null,"message":"Printed /data/file1.txt"}
{"timestamp":1571211994497,"system":"AD","actor":"bob","action":"LOGOUT","objects":["workstation1"],"location":null,"message":"Logged out of workstation 1"}
{"timestamp":1571211997866,"system":"BADGE","actor":"bob","action":"EXIT","objects":["Building 1"],"location":"45.5,44.3","message":"Exited Building 1"}
{"timestamp":1571212009957,"system":"BADGE","actor":"bob","action":"ENTER","objects":["Building 1"],"location":"45.5,44.3","message":"Entered Building 1"}
{"timestamp":1571212012954,"system":"AD","actor":"bob","action":"LOGIN","objects":["workstation1"],"location":null,"message":"Logged in to workstation 1"}
{"timestamp":1571212015472,"system":"AUDIT","actor":"bob","action":"PRINT","objects":["/data/file1.txt","/share/mystuff/file2.txt"],"location":null,"message":"Printed /data/file1.txt"}
{"timestamp":1571212017872,"system":"AUDIT","actor":"bob","action":"COPY","objects":["/data/file1.txt","/share/mystuff/file2.txt"],"location":null,"message":"Printed /data/file1.txt"}
{"timestamp":1571212021153,"system":"AUDIT","actor":"bob","action":"PRINT","objects":["/data/file1.txt","/share/mystuff/file2.txt"],"location":null,"message":"Printed /data/file1.txt"}
{"timestamp":1571212024913,"system":"AUDIT","actor":"bob","action":"COPY","objects":["/data/file1.txt","/share/mystuff/file2.txt"],"location":null,"message":"Printed /data/file1.txt"}
{"timestamp":1571212027177,"system":"AD","actor":"bob","action":"LOGOUT","objects":["workstation1"],"location":null,"message":"Logged out of workstation 1"}
{"timestamp":1571212029568,"system":"BADGE","actor":"bob","action":"EXIT","objects":["Building 1"],"location":"45.5,44.3","message":"Exited Building 1"}
