2019-10-16 13:15:08,984 INFO n.a.d.j.g.JsonDataGenerator [main] Overriding Simulation Config file from command line to use [ exampleSimConfig.json ]
2019-10-16 13:15:08,987 DEBUG n.a.d.j.g.JsonDataGenerator [main] Creating Simulation Runner using Simulation Config [ exampleSimConfig.json ]
2019-10-16 13:15:09,328 INFO n.a.d.j.g.JsonDataGenerator [main] Adding Log4JLogger Producer
2019-10-16 13:15:09,346 INFO n.a.d.j.g.SimulationRunner [main] Adding EventGenerator for [ test,exampleWorkflow.json ]
2019-10-16 13:15:09,346 INFO n.a.d.j.g.SimulationRunner [main] Starting Simulation
2019-10-16 13:15:09,482 DEBUG n.a.d.j.g.t.TypeHandlerFactory [Thread-1] Discovered TypeHandler [ alpha,net.acesinc.data.json.generator.types.AlphaType ]
2019-10-16 13:15:09,482 DEBUG n.a.d.j.g.t.TypeHandlerFactory [Thread-1] Discovered TypeHandler [ timestamp,net.acesinc.data.json.generator.types.TimestampType ]
2019-10-16 13:15:09,483 DEBUG n.a.d.j.g.t.TypeHandlerFactory [Thread-1] Discovered TypeHandler [ now,net.acesinc.data.json.generator.types.NowType ]
2019-10-16 13:15:09,483 DEBUG n.a.d.j.g.t.TypeHandlerFactory [Thread-1] Discovered TypeHandler [ long,net.acesinc.data.json.generator.types.LongType ]
2019-10-16 13:15:09,483 DEBUG n.a.d.j.g.t.TypeHandlerFactory [Thread-1] Discovered TypeHandler [ lastName,net.acesinc.data.json.generator.types.LastName ]
2019-10-16 13:15:09,484 DEBUG n.a.d.j.g.t.TypeHandlerFactory [Thread-1] Discovered TypeHandler [ random,net.acesinc.data.json.generator.types.RandomType ]
2019-10-16 13:15:09,484 DEBUG n.a.d.j.g.t.TypeHandlerFactory [Thread-1] Discovered TypeHandler [ integer,net.acesinc.data.json.generator.types.IntegerType ]
2019-10-16 13:15:09,484 DEBUG n.a.d.j.g.t.TypeHandlerFactory [Thread-1] Discovered TypeHandler [ randomIncrementLong,net.acesinc.data.json.generator.types.RandomIncrementLongType ]
2019-10-16 13:15:09,485 DEBUG n.a.d.j.g.t.TypeHandlerFactory [Thread-1] Discovered TypeHandler [ alphaNumeric,net.acesinc.data.json.generator.types.AlphaNumericType ]
2019-10-16 13:15:09,485 DEBUG n.a.d.j.g.t.TypeHandlerFactory [Thread-1] Discovered TypeHandler [ nowTimestamp,net.acesinc.data.json.generator.types.NowTimestampType ]
2019-10-16 13:15:09,485 DEBUG n.a.d.j.g.t.TypeHandlerFactory [Thread-1] Discovered TypeHandler [ date,net.acesinc.data.json.generator.types.DateType ]
2019-10-16 13:15:09,486 DEBUG n.a.d.j.g.t.TypeHandlerFactory [Thread-1] Discovered TypeHandler [ boolean,net.acesinc.data.json.generator.types.BooleanType ]
2019-10-16 13:15:09,486 DEBUG n.a.d.j.g.t.TypeHandlerFactory [Thread-1] Discovered TypeHandler [ uuid,net.acesinc.data.json.generator.types.UuidType ]
2019-10-16 13:15:09,486 DEBUG n.a.d.j.g.t.TypeHandlerFactory [Thread-1] Discovered TypeHandler [ firstName,net.acesinc.data.json.generator.types.FirstName ]
2019-10-16 13:15:09,487 DEBUG n.a.d.j.g.t.TypeHandlerFactory [Thread-1] Discovered TypeHandler [ double,net.acesinc.data.json.generator.types.DoubleType ]
2019-10-16 13:15:09,487 DEBUG n.a.d.j.g.t.TypeHandlerFactory [Thread-1] Discovered TypeHandler [ counter,net.acesinc.data.json.generator.types.CounterType ]
2019-10-16 13:15:09,487 DEBUG n.a.d.j.g.t.TypeHandlerFactory [Thread-1] Discovered TypeHandler [ stringMerge,net.acesinc.data.json.generator.types.StringMergeType ]
2019-10-16 13:15:12,217 TRACE n.a.d.j.g.EventGenerator [Thread-1] Generator( test ) generated 0.0 events/sec
2019-10-16 13:15:16,053 TRACE n.a.d.j.g.EventGenerator [Thread-1] Generator( test ) generated 0.0 events/sec
2019-10-16 13:15:27,751 TRACE n.a.d.j.g.EventGenerator [Thread-1] Generator( test ) generated 0.0 events/sec
2019-10-16 13:15:31,718 TRACE n.a.d.j.g.EventGenerator [Thread-1] Generator( test ) generated 0.0 events/sec
2019-10-16 13:15:34,787 TRACE n.a.d.j.g.EventGenerator [Thread-1] Generator( test ) generated 0.0 events/sec
2019-10-16 13:15:47,116 TRACE n.a.d.j.g.EventGenerator [Thread-1] Generator( test ) generated 0.0 events/sec
2019-10-16 13:15:49,169 TRACE n.a.d.j.g.EventGenerator [Thread-1] Generator( test ) generated 0.0 events/sec
2019-10-16 13:16:00,373 TRACE n.a.d.j.g.EventGenerator [Thread-1] Generator( test ) generated 0.0 events/sec
2019-10-16 13:16:04,296 TRACE n.a.d.j.g.EventGenerator [Thread-1] Generator( test ) generated 0.0 events/sec
2019-10-16 13:16:08,055 TRACE n.a.d.j.g.EventGenerator [Thread-1] Generator( test ) generated 0.0 events/sec
2019-10-16 13:16:21,899 TRACE n.a.d.j.g.EventGenerator [Thread-1] Generator( test ) generated 0.0 events/sec
2019-10-16 13:16:24,159 TRACE n.a.d.j.g.EventGenerator [Thread-1] Generator( test ) generated 0.0 events/sec
2019-10-16 13:16:34,493 TRACE n.a.d.j.g.EventGenerator [Thread-1] Generator( test ) generated 0.0 events/sec
2019-10-16 13:16:37,857 TRACE n.a.d.j.g.EventGenerator [Thread-1] Generator( test ) generated 0.0 events/sec
2019-10-16 13:16:41,490 TRACE n.a.d.j.g.EventGenerator [Thread-1] Generator( test ) generated 0.0 events/sec
2019-10-16 13:16:52,954 TRACE n.a.d.j.g.EventGenerator [Thread-1] Generator( test ) generated 0.0 events/sec
2019-10-16 13:16:55,472 TRACE n.a.d.j.g.EventGenerator [Thread-1] Generator( test ) generated 0.0 events/sec
2019-10-16 13:17:07,177 TRACE n.a.d.j.g.EventGenerator [Thread-1] Generator( test ) generated 0.0 events/sec
2019-10-16 13:17:09,568 TRACE n.a.d.j.g.EventGenerator [Thread-1] Generator( test ) generated 0.0 events/sec
2019-10-16 13:17:12,527 TRACE n.a.d.j.g.EventGenerator [Thread-1] Generator( test ) generated 0.0 events/sec
2019-10-16 13:17:24,902 INFO n.a.d.j.g.JsonDataGenerator [Thread-2] Shutdown Hook Invoked.  Shutting Down Loggers
2019-10-16 13:17:24,902 INFO n.a.d.j.g.SimulationRunner [Thread-2] Stopping Simulation
2019-10-16 13:19:44,714 INFO n.a.d.j.g.JsonDataGenerator [main] Overriding Simulation Config file from command line to use [ jsonWebLogWorkflow.json ]
2019-10-16 13:19:44,716 DEBUG n.a.d.j.g.JsonDataGenerator [main] Creating Simulation Runner using Simulation Config [ jsonWebLogWorkflow.json ]
2019-10-16 13:19:44,989 ERROR n.a.d.j.g.JsonDataGenerator [main] Error getting Simulation Config [ jsonWebLogWorkflow.json ]
com.fasterxml.jackson.databind.exc.UnrecognizedPropertyException: Unrecognized field "eventFrequency" (class net.acesinc.data.json.generator.config.SimulationConfig), not marked as ignorable (2 known properties: "producers", "workflows"])
 at [Source: (BufferedInputStream); line: 2, column: 23] (through reference chain: net.acesinc.data.json.generator.config.SimulationConfig["eventFrequency"])
	at com.fasterxml.jackson.databind.exc.UnrecognizedPropertyException.from(UnrecognizedPropertyException.java:61) ~[jackson-databind-2.9.10.jar:2.9.10]
	at com.fasterxml.jackson.databind.DeserializationContext.handleUnknownProperty(DeserializationContext.java:823) ~[jackson-databind-2.9.10.jar:2.9.10]
	at com.fasterxml.jackson.databind.deser.std.StdDeserializer.handleUnknownProperty(StdDeserializer.java:1153) ~[jackson-databind-2.9.10.jar:2.9.10]
	at com.fasterxml.jackson.databind.deser.BeanDeserializerBase.handleUnknownProperty(BeanDeserializerBase.java:1589) ~[jackson-databind-2.9.10.jar:2.9.10]
	at com.fasterxml.jackson.databind.deser.BeanDeserializerBase.handleUnknownVanilla(BeanDeserializerBase.java:1567) ~[jackson-databind-2.9.10.jar:2.9.10]
	at com.fasterxml.jackson.databind.deser.BeanDeserializer.vanillaDeserialize(BeanDeserializer.java:294) ~[jackson-databind-2.9.10.jar:2.9.10]
	at com.fasterxml.jackson.databind.deser.BeanDeserializer.deserialize(BeanDeserializer.java:151) ~[jackson-databind-2.9.10.jar:2.9.10]
	at com.fasterxml.jackson.databind.ObjectMapper._readMapAndClose(ObjectMapper.java:4014) ~[jackson-databind-2.9.10.jar:2.9.10]
	at com.fasterxml.jackson.databind.ObjectMapper.readValue(ObjectMapper.java:3071) ~[jackson-databind-2.9.10.jar:2.9.10]
	at net.acesinc.data.json.generator.config.JSONConfigReader.readConfig(JSONConfigReader.java:42) ~[json-data-generator-1.4.1.jar:1.4.1]
	at net.acesinc.data.json.generator.JsonDataGenerator.getSimConfig(JsonDataGenerator.java:132) ~[json-data-generator-1.4.1.jar:1.4.1]
	at net.acesinc.data.json.generator.JsonDataGenerator.<init>(JsonDataGenerator.java:37) [json-data-generator-1.4.1.jar:1.4.1]
	at net.acesinc.data.json.generator.JsonDataGenerator.main(JsonDataGenerator.java:146) [json-data-generator-1.4.1.jar:1.4.1]
2019-10-16 13:19:45,032 INFO n.a.d.j.g.JsonDataGenerator [Thread-1] Shutdown Hook Invoked.  Shutting Down Loggers
2019-10-16 21:23:57,696 INFO n.a.d.j.g.JsonDataGenerator [main] Overriding Simulation Config file from command line to use [ kafka.json ]
2019-10-16 21:23:57,698 DEBUG n.a.d.j.g.JsonDataGenerator [main] Creating Simulation Runner using Simulation Config [ kafka.json ]
2019-10-16 21:23:58,003 INFO n.a.d.j.g.JsonDataGenerator [main] Adding Kafka Producer with properties: {type=kafka, broker.server=localhost, broker.port=9092, topic=jackieChanCommand, flatten=false, sync=false}
2019-10-16 21:23:58,198 INFO n.a.d.j.g.SimulationRunner [main] Adding EventGenerator for [ jackieChan,jackieChanWorkflow.json ]
2019-10-16 21:23:58,198 INFO n.a.d.j.g.SimulationRunner [main] Starting Simulation
2019-10-16 21:23:58,325 DEBUG n.a.d.j.g.t.TypeHandlerFactory [Thread-1] Discovered TypeHandler [ alpha,net.acesinc.data.json.generator.types.AlphaType ]
2019-10-16 21:23:58,325 DEBUG n.a.d.j.g.t.TypeHandlerFactory [Thread-1] Discovered TypeHandler [ double,net.acesinc.data.json.generator.types.DoubleType ]
2019-10-16 21:23:58,326 DEBUG n.a.d.j.g.t.TypeHandlerFactory [Thread-1] Discovered TypeHandler [ nowTimestamp,net.acesinc.data.json.generator.types.NowTimestampType ]
2019-10-16 21:23:58,326 DEBUG n.a.d.j.g.t.TypeHandlerFactory [Thread-1] Discovered TypeHandler [ uuid,net.acesinc.data.json.generator.types.UuidType ]
2019-10-16 21:23:58,326 DEBUG n.a.d.j.g.t.TypeHandlerFactory [Thread-1] Discovered TypeHandler [ firstName,net.acesinc.data.json.generator.types.FirstName ]
2019-10-16 21:23:58,327 DEBUG n.a.d.j.g.t.TypeHandlerFactory [Thread-1] Discovered TypeHandler [ lastName,net.acesinc.data.json.generator.types.LastName ]
2019-10-16 21:23:58,328 DEBUG n.a.d.j.g.t.TypeHandlerFactory [Thread-1] Discovered TypeHandler [ timestamp,net.acesinc.data.json.generator.types.TimestampType ]
2019-10-16 21:23:58,328 DEBUG n.a.d.j.g.t.TypeHandlerFactory [Thread-1] Discovered TypeHandler [ integer,net.acesinc.data.json.generator.types.IntegerType ]
2019-10-16 21:23:58,328 DEBUG n.a.d.j.g.t.TypeHandlerFactory [Thread-1] Discovered TypeHandler [ randomIncrementLong,net.acesinc.data.json.generator.types.RandomIncrementLongType ]
2019-10-16 21:23:58,329 DEBUG n.a.d.j.g.t.TypeHandlerFactory [Thread-1] Discovered TypeHandler [ random,net.acesinc.data.json.generator.types.RandomType ]
2019-10-16 21:23:58,329 DEBUG n.a.d.j.g.t.TypeHandlerFactory [Thread-1] Discovered TypeHandler [ date,net.acesinc.data.json.generator.types.DateType ]
2019-10-16 21:23:58,329 DEBUG n.a.d.j.g.t.TypeHandlerFactory [Thread-1] Discovered TypeHandler [ now,net.acesinc.data.json.generator.types.NowType ]
2019-10-16 21:23:58,329 DEBUG n.a.d.j.g.t.TypeHandlerFactory [Thread-1] Discovered TypeHandler [ stringMerge,net.acesinc.data.json.generator.types.StringMergeType ]
2019-10-16 21:23:58,330 DEBUG n.a.d.j.g.t.TypeHandlerFactory [Thread-1] Discovered TypeHandler [ counter,net.acesinc.data.json.generator.types.CounterType ]
2019-10-16 21:23:58,330 DEBUG n.a.d.j.g.t.TypeHandlerFactory [Thread-1] Discovered TypeHandler [ long,net.acesinc.data.json.generator.types.LongType ]
2019-10-16 21:23:58,330 DEBUG n.a.d.j.g.t.TypeHandlerFactory [Thread-1] Discovered TypeHandler [ boolean,net.acesinc.data.json.generator.types.BooleanType ]
2019-10-16 21:23:58,331 DEBUG n.a.d.j.g.t.TypeHandlerFactory [Thread-1] Discovered TypeHandler [ alphaNumeric,net.acesinc.data.json.generator.types.AlphaNumericType ]
2019-10-16 21:23:58,349 DEBUG n.a.d.j.g.l.KafkaLogger [Thread-1] Sending event to Kafka: [ {"timestamp":"2019-10-16T21:23:58.333Z","style":"WUSHU","action":"BLOCK","weapon":"ROPE","target":"LEGS","strength":7.5755} ]
2019-10-16 21:24:58,565 TRACE n.a.d.j.g.EventGenerator [Thread-1] Generator( jackieChan ) generated 0.0 events/sec
2019-10-16 21:24:59,647 DEBUG n.a.d.j.g.l.KafkaLogger [Thread-1] Sending event to Kafka: [ {"timestamp":"2019-10-16T21:24:59.646Z","style":"DRUNKEN_BOXING","action":"PUNCH","weapon":"STAFF","target":"ARMS","strength":8.5098} ]
2019-10-16 21:25:12,592 INFO n.a.d.j.g.JsonDataGenerator [Thread-2] Shutdown Hook Invoked.  Shutting Down Loggers
2019-10-16 21:25:12,593 INFO n.a.d.j.g.SimulationRunner [Thread-2] Stopping Simulation
2019-10-16 21:25:12,593 FATAL n.a.d.j.g.EventGenerator [Thread-1] Exception occured causing the Generator to shutdown
org.apache.kafka.common.errors.InterruptException: java.lang.InterruptedException
	at org.apache.kafka.clients.producer.KafkaProducer.doSend(KafkaProducer.java:769) ~[kafka-clients-0.11.0.0.jar:?]
	at org.apache.kafka.clients.producer.KafkaProducer.send(KafkaProducer.java:701) ~[kafka-clients-0.11.0.0.jar:?]
	at org.apache.kafka.clients.producer.KafkaProducer.send(KafkaProducer.java:609) ~[kafka-clients-0.11.0.0.jar:?]
	at net.acesinc.data.json.generator.log.KafkaLogger.logEvent(KafkaLogger.java:106) ~[json-data-generator-1.4.1.jar:1.4.1]
	at net.acesinc.data.json.generator.log.KafkaLogger.logEvent(KafkaLogger.java:80) ~[json-data-generator-1.4.1.jar:1.4.1]
	at net.acesinc.data.json.generator.EventGenerator.executeAllConfigs(EventGenerator.java:200) ~[json-data-generator-1.4.1.jar:1.4.1]
	at net.acesinc.data.json.generator.EventGenerator.executeStep(EventGenerator.java:141) ~[json-data-generator-1.4.1.jar:1.4.1]
	at net.acesinc.data.json.generator.EventGenerator.runSequential(EventGenerator.java:77) ~[json-data-generator-1.4.1.jar:1.4.1]
	at net.acesinc.data.json.generator.EventGenerator.runWorkflow(EventGenerator.java:58) ~[json-data-generator-1.4.1.jar:1.4.1]
	at net.acesinc.data.json.generator.EventGenerator.run(EventGenerator.java:276) [json-data-generator-1.4.1.jar:1.4.1]
	at java.lang.Thread.run(Thread.java:748) [?:1.8.0_171]
Caused by: java.lang.InterruptedException
	at java.lang.Object.wait(Native Method) ~[?:1.8.0_171]
	at org.apache.kafka.clients.Metadata.awaitUpdate(Metadata.java:158) ~[kafka-clients-0.11.0.0.jar:?]
	at org.apache.kafka.clients.producer.KafkaProducer.waitOnMetadata(KafkaProducer.java:825) ~[kafka-clients-0.11.0.0.jar:?]
	at org.apache.kafka.clients.producer.KafkaProducer.doSend(KafkaProducer.java:711) ~[kafka-clients-0.11.0.0.jar:?]
	... 10 more
2019-10-16 21:26:05,536 INFO n.a.d.j.g.JsonDataGenerator [main] Overriding Simulation Config file from command line to use [ kafka.json ]
2019-10-16 21:26:05,538 DEBUG n.a.d.j.g.JsonDataGenerator [main] Creating Simulation Runner using Simulation Config [ kafka.json ]
2019-10-16 21:26:05,814 INFO n.a.d.j.g.JsonDataGenerator [main] Adding Kafka Producer with properties: {type=kafka, broker.server=localhost, broker.port=9092, topic=test, flatten=false, sync=false}
2019-10-16 21:26:05,916 INFO n.a.d.j.g.SimulationRunner [main] Adding EventGenerator for [ jackieChan,jackieChanWorkflow.json ]
2019-10-16 21:26:05,916 INFO n.a.d.j.g.SimulationRunner [main] Starting Simulation
2019-10-16 21:26:06,037 DEBUG n.a.d.j.g.t.TypeHandlerFactory [Thread-1] Discovered TypeHandler [ timestamp,net.acesinc.data.json.generator.types.TimestampType ]
2019-10-16 21:26:06,038 DEBUG n.a.d.j.g.t.TypeHandlerFactory [Thread-1] Discovered TypeHandler [ alpha,net.acesinc.data.json.generator.types.AlphaType ]
2019-10-16 21:26:06,038 DEBUG n.a.d.j.g.t.TypeHandlerFactory [Thread-1] Discovered TypeHandler [ firstName,net.acesinc.data.json.generator.types.FirstName ]
2019-10-16 21:26:06,038 DEBUG n.a.d.j.g.t.TypeHandlerFactory [Thread-1] Discovered TypeHandler [ uuid,net.acesinc.data.json.generator.types.UuidType ]
2019-10-16 21:26:06,039 DEBUG n.a.d.j.g.t.TypeHandlerFactory [Thread-1] Discovered TypeHandler [ lastName,net.acesinc.data.json.generator.types.LastName ]
2019-10-16 21:26:06,039 DEBUG n.a.d.j.g.t.TypeHandlerFactory [Thread-1] Discovered TypeHandler [ now,net.acesinc.data.json.generator.types.NowType ]
2019-10-16 21:26:06,039 DEBUG n.a.d.j.g.t.TypeHandlerFactory [Thread-1] Discovered TypeHandler [ integer,net.acesinc.data.json.generator.types.IntegerType ]
2019-10-16 21:26:06,039 DEBUG n.a.d.j.g.t.TypeHandlerFactory [Thread-1] Discovered TypeHandler [ date,net.acesinc.data.json.generator.types.DateType ]
2019-10-16 21:26:06,040 DEBUG n.a.d.j.g.t.TypeHandlerFactory [Thread-1] Discovered TypeHandler [ stringMerge,net.acesinc.data.json.generator.types.StringMergeType ]
2019-10-16 21:26:06,040 DEBUG n.a.d.j.g.t.TypeHandlerFactory [Thread-1] Discovered TypeHandler [ random,net.acesinc.data.json.generator.types.RandomType ]
2019-10-16 21:26:06,040 DEBUG n.a.d.j.g.t.TypeHandlerFactory [Thread-1] Discovered TypeHandler [ boolean,net.acesinc.data.json.generator.types.BooleanType ]
2019-10-16 21:26:06,041 DEBUG n.a.d.j.g.t.TypeHandlerFactory [Thread-1] Discovered TypeHandler [ randomIncrementLong,net.acesinc.data.json.generator.types.RandomIncrementLongType ]
2019-10-16 21:26:06,041 DEBUG n.a.d.j.g.t.TypeHandlerFactory [Thread-1] Discovered TypeHandler [ alphaNumeric,net.acesinc.data.json.generator.types.AlphaNumericType ]
2019-10-16 21:26:06,041 DEBUG n.a.d.j.g.t.TypeHandlerFactory [Thread-1] Discovered TypeHandler [ counter,net.acesinc.data.json.generator.types.CounterType ]
2019-10-16 21:26:06,041 DEBUG n.a.d.j.g.t.TypeHandlerFactory [Thread-1] Discovered TypeHandler [ double,net.acesinc.data.json.generator.types.DoubleType ]
2019-10-16 21:26:06,042 DEBUG n.a.d.j.g.t.TypeHandlerFactory [Thread-1] Discovered TypeHandler [ nowTimestamp,net.acesinc.data.json.generator.types.NowTimestampType ]
2019-10-16 21:26:06,042 DEBUG n.a.d.j.g.t.TypeHandlerFactory [Thread-1] Discovered TypeHandler [ long,net.acesinc.data.json.generator.types.LongType ]
2019-10-16 21:26:06,059 DEBUG n.a.d.j.g.l.KafkaLogger [Thread-1] Sending event to Kafka: [ {"timestamp":"2019-10-16T21:26:06.045Z","style":"KUNG_FU","action":"KICK","weapon":"ROPE","target":"HEAD","strength":5.3663} ]
2019-10-16 21:27:06,034 INFO n.a.d.j.g.JsonDataGenerator [Thread-2] Shutdown Hook Invoked.  Shutting Down Loggers
2019-10-16 21:27:06,035 INFO n.a.d.j.g.SimulationRunner [Thread-2] Stopping Simulation
2019-10-16 21:27:06,035 FATAL n.a.d.j.g.EventGenerator [Thread-1] Exception occured causing the Generator to shutdown
org.apache.kafka.common.errors.InterruptException: java.lang.InterruptedException
	at org.apache.kafka.clients.producer.KafkaProducer.doSend(KafkaProducer.java:769) ~[kafka-clients-0.11.0.0.jar:?]
	at org.apache.kafka.clients.producer.KafkaProducer.send(KafkaProducer.java:701) ~[kafka-clients-0.11.0.0.jar:?]
	at org.apache.kafka.clients.producer.KafkaProducer.send(KafkaProducer.java:609) ~[kafka-clients-0.11.0.0.jar:?]
	at net.acesinc.data.json.generator.log.KafkaLogger.logEvent(KafkaLogger.java:106) ~[json-data-generator-1.4.1.jar:1.4.1]
	at net.acesinc.data.json.generator.log.KafkaLogger.logEvent(KafkaLogger.java:80) ~[json-data-generator-1.4.1.jar:1.4.1]
	at net.acesinc.data.json.generator.EventGenerator.executeAllConfigs(EventGenerator.java:200) ~[json-data-generator-1.4.1.jar:1.4.1]
	at net.acesinc.data.json.generator.EventGenerator.executeStep(EventGenerator.java:141) ~[json-data-generator-1.4.1.jar:1.4.1]
	at net.acesinc.data.json.generator.EventGenerator.runSequential(EventGenerator.java:77) ~[json-data-generator-1.4.1.jar:1.4.1]
	at net.acesinc.data.json.generator.EventGenerator.runWorkflow(EventGenerator.java:58) ~[json-data-generator-1.4.1.jar:1.4.1]
	at net.acesinc.data.json.generator.EventGenerator.run(EventGenerator.java:276) [json-data-generator-1.4.1.jar:1.4.1]
	at java.lang.Thread.run(Thread.java:748) [?:1.8.0_171]
Caused by: java.lang.InterruptedException
	at java.lang.Object.wait(Native Method) ~[?:1.8.0_171]
	at org.apache.kafka.clients.Metadata.awaitUpdate(Metadata.java:158) ~[kafka-clients-0.11.0.0.jar:?]
	at org.apache.kafka.clients.producer.KafkaProducer.waitOnMetadata(KafkaProducer.java:825) ~[kafka-clients-0.11.0.0.jar:?]
	at org.apache.kafka.clients.producer.KafkaProducer.doSend(KafkaProducer.java:711) ~[kafka-clients-0.11.0.0.jar:?]
	... 10 more
2019-10-16 21:40:58,425 INFO n.a.d.j.g.JsonDataGenerator [main] Overriding Simulation Config file from command line to use [ jsonWebLogWorkflow.json ]
2019-10-16 21:40:58,427 DEBUG n.a.d.j.g.JsonDataGenerator [main] Creating Simulation Runner using Simulation Config [ jsonWebLogWorkflow.json ]
2019-10-16 21:40:58,920 ERROR n.a.d.j.g.JsonDataGenerator [main] Error getting Simulation Config [ jsonWebLogWorkflow.json ]
com.fasterxml.jackson.databind.exc.UnrecognizedPropertyException: Unrecognized field "eventFrequency" (class net.acesinc.data.json.generator.config.SimulationConfig), not marked as ignorable (2 known properties: "producers", "workflows"])
 at [Source: (BufferedInputStream); line: 2, column: 23] (through reference chain: net.acesinc.data.json.generator.config.SimulationConfig["eventFrequency"])
	at com.fasterxml.jackson.databind.exc.UnrecognizedPropertyException.from(UnrecognizedPropertyException.java:61) ~[jackson-databind-2.9.10.jar:2.9.10]
	at com.fasterxml.jackson.databind.DeserializationContext.handleUnknownProperty(DeserializationContext.java:823) ~[jackson-databind-2.9.10.jar:2.9.10]
	at com.fasterxml.jackson.databind.deser.std.StdDeserializer.handleUnknownProperty(StdDeserializer.java:1153) ~[jackson-databind-2.9.10.jar:2.9.10]
	at com.fasterxml.jackson.databind.deser.BeanDeserializerBase.handleUnknownProperty(BeanDeserializerBase.java:1589) ~[jackson-databind-2.9.10.jar:2.9.10]
	at com.fasterxml.jackson.databind.deser.BeanDeserializerBase.handleUnknownVanilla(BeanDeserializerBase.java:1567) ~[jackson-databind-2.9.10.jar:2.9.10]
	at com.fasterxml.jackson.databind.deser.BeanDeserializer.vanillaDeserialize(BeanDeserializer.java:294) ~[jackson-databind-2.9.10.jar:2.9.10]
	at com.fasterxml.jackson.databind.deser.BeanDeserializer.deserialize(BeanDeserializer.java:151) ~[jackson-databind-2.9.10.jar:2.9.10]
	at com.fasterxml.jackson.databind.ObjectMapper._readMapAndClose(ObjectMapper.java:4014) ~[jackson-databind-2.9.10.jar:2.9.10]
	at com.fasterxml.jackson.databind.ObjectMapper.readValue(ObjectMapper.java:3071) ~[jackson-databind-2.9.10.jar:2.9.10]
	at net.acesinc.data.json.generator.config.JSONConfigReader.readConfig(JSONConfigReader.java:42) ~[json-data-generator-1.4.1.jar:1.4.1]
	at net.acesinc.data.json.generator.JsonDataGenerator.getSimConfig(JsonDataGenerator.java:132) ~[json-data-generator-1.4.1.jar:1.4.1]
	at net.acesinc.data.json.generator.JsonDataGenerator.<init>(JsonDataGenerator.java:37) [json-data-generator-1.4.1.jar:1.4.1]
	at net.acesinc.data.json.generator.JsonDataGenerator.main(JsonDataGenerator.java:146) [json-data-generator-1.4.1.jar:1.4.1]
2019-10-16 21:40:58,933 INFO n.a.d.j.g.JsonDataGenerator [Thread-1] Shutdown Hook Invoked.  Shutting Down Loggers
2019-10-16 21:41:10,954 INFO n.a.d.j.g.JsonDataGenerator [main] Overriding Simulation Config file from command line to use [ kafka.json ]
2019-10-16 21:41:10,956 DEBUG n.a.d.j.g.JsonDataGenerator [main] Creating Simulation Runner using Simulation Config [ kafka.json ]
2019-10-16 21:41:11,224 INFO n.a.d.j.g.JsonDataGenerator [main] Adding Kafka Producer with properties: {type=kafka, broker.server=localhost, broker.port=9092, topic=test, flatten=false, sync=false}
2019-10-16 21:41:11,322 INFO n.a.d.j.g.SimulationRunner [main] Adding EventGenerator for [ jackieChan,jackieChanWorkflow.json ]
2019-10-16 21:41:11,322 INFO n.a.d.j.g.SimulationRunner [main] Starting Simulation
2019-10-16 21:41:11,445 DEBUG n.a.d.j.g.t.TypeHandlerFactory [Thread-1] Discovered TypeHandler [ counter,net.acesinc.data.json.generator.types.CounterType ]
2019-10-16 21:41:11,446 DEBUG n.a.d.j.g.t.TypeHandlerFactory [Thread-1] Discovered TypeHandler [ double,net.acesinc.data.json.generator.types.DoubleType ]
2019-10-16 21:41:11,446 DEBUG n.a.d.j.g.t.TypeHandlerFactory [Thread-1] Discovered TypeHandler [ boolean,net.acesinc.data.json.generator.types.BooleanType ]
2019-10-16 21:41:11,446 DEBUG n.a.d.j.g.t.TypeHandlerFactory [Thread-1] Discovered TypeHandler [ uuid,net.acesinc.data.json.generator.types.UuidType ]
2019-10-16 21:41:11,447 DEBUG n.a.d.j.g.t.TypeHandlerFactory [Thread-1] Discovered TypeHandler [ lastName,net.acesinc.data.json.generator.types.LastName ]
2019-10-16 21:41:11,447 DEBUG n.a.d.j.g.t.TypeHandlerFactory [Thread-1] Discovered TypeHandler [ alpha,net.acesinc.data.json.generator.types.AlphaType ]
2019-10-16 21:41:11,447 DEBUG n.a.d.j.g.t.TypeHandlerFactory [Thread-1] Discovered TypeHandler [ integer,net.acesinc.data.json.generator.types.IntegerType ]
2019-10-16 21:41:11,448 DEBUG n.a.d.j.g.t.TypeHandlerFactory [Thread-1] Discovered TypeHandler [ randomIncrementLong,net.acesinc.data.json.generator.types.RandomIncrementLongType ]
2019-10-16 21:41:11,448 DEBUG n.a.d.j.g.t.TypeHandlerFactory [Thread-1] Discovered TypeHandler [ random,net.acesinc.data.json.generator.types.RandomType ]
2019-10-16 21:41:11,449 DEBUG n.a.d.j.g.t.TypeHandlerFactory [Thread-1] Discovered TypeHandler [ date,net.acesinc.data.json.generator.types.DateType ]
2019-10-16 21:41:11,449 DEBUG n.a.d.j.g.t.TypeHandlerFactory [Thread-1] Discovered TypeHandler [ stringMerge,net.acesinc.data.json.generator.types.StringMergeType ]
2019-10-16 21:41:11,449 DEBUG n.a.d.j.g.t.TypeHandlerFactory [Thread-1] Discovered TypeHandler [ timestamp,net.acesinc.data.json.generator.types.TimestampType ]
2019-10-16 21:41:11,450 DEBUG n.a.d.j.g.t.TypeHandlerFactory [Thread-1] Discovered TypeHandler [ alphaNumeric,net.acesinc.data.json.generator.types.AlphaNumericType ]
2019-10-16 21:41:11,450 DEBUG n.a.d.j.g.t.TypeHandlerFactory [Thread-1] Discovered TypeHandler [ nowTimestamp,net.acesinc.data.json.generator.types.NowTimestampType ]
2019-10-16 21:41:11,450 DEBUG n.a.d.j.g.t.TypeHandlerFactory [Thread-1] Discovered TypeHandler [ long,net.acesinc.data.json.generator.types.LongType ]
2019-10-16 21:41:11,450 DEBUG n.a.d.j.g.t.TypeHandlerFactory [Thread-1] Discovered TypeHandler [ now,net.acesinc.data.json.generator.types.NowType ]
2019-10-16 21:41:11,451 DEBUG n.a.d.j.g.t.TypeHandlerFactory [Thread-1] Discovered TypeHandler [ firstName,net.acesinc.data.json.generator.types.FirstName ]
2019-10-16 21:41:11,467 DEBUG n.a.d.j.g.l.KafkaLogger [Thread-1] Sending event to Kafka: [ {"timestamp":"2019-10-16T21:41:11.453Z","style":"DRUNKEN_BOXING","action":"BLOCK","weapon":"BROAD_SWORD","target":"BODY","strength":5.4851} ]
2019-10-16 21:41:47,882 INFO n.a.d.j.g.JsonDataGenerator [Thread-2] Shutdown Hook Invoked.  Shutting Down Loggers
2019-10-16 21:41:47,883 INFO n.a.d.j.g.SimulationRunner [Thread-2] Stopping Simulation
2019-10-16 21:41:47,884 FATAL n.a.d.j.g.EventGenerator [Thread-1] Exception occured causing the Generator to shutdown
org.apache.kafka.common.errors.InterruptException: java.lang.InterruptedException
	at org.apache.kafka.clients.producer.KafkaProducer.doSend(KafkaProducer.java:769) ~[kafka-clients-0.11.0.0.jar:?]
	at org.apache.kafka.clients.producer.KafkaProducer.send(KafkaProducer.java:701) ~[kafka-clients-0.11.0.0.jar:?]
	at org.apache.kafka.clients.producer.KafkaProducer.send(KafkaProducer.java:609) ~[kafka-clients-0.11.0.0.jar:?]
	at net.acesinc.data.json.generator.log.KafkaLogger.logEvent(KafkaLogger.java:106) ~[json-data-generator-1.4.1.jar:1.4.1]
	at net.acesinc.data.json.generator.log.KafkaLogger.logEvent(KafkaLogger.java:80) ~[json-data-generator-1.4.1.jar:1.4.1]
	at net.acesinc.data.json.generator.EventGenerator.executeAllConfigs(EventGenerator.java:200) ~[json-data-generator-1.4.1.jar:1.4.1]
	at net.acesinc.data.json.generator.EventGenerator.executeStep(EventGenerator.java:141) ~[json-data-generator-1.4.1.jar:1.4.1]
	at net.acesinc.data.json.generator.EventGenerator.runSequential(EventGenerator.java:77) ~[json-data-generator-1.4.1.jar:1.4.1]
	at net.acesinc.data.json.generator.EventGenerator.runWorkflow(EventGenerator.java:58) ~[json-data-generator-1.4.1.jar:1.4.1]
	at net.acesinc.data.json.generator.EventGenerator.run(EventGenerator.java:276) [json-data-generator-1.4.1.jar:1.4.1]
	at java.lang.Thread.run(Thread.java:748) [?:1.8.0_171]
Caused by: java.lang.InterruptedException
	at java.lang.Object.wait(Native Method) ~[?:1.8.0_171]
	at org.apache.kafka.clients.Metadata.awaitUpdate(Metadata.java:158) ~[kafka-clients-0.11.0.0.jar:?]
	at org.apache.kafka.clients.producer.KafkaProducer.waitOnMetadata(KafkaProducer.java:825) ~[kafka-clients-0.11.0.0.jar:?]
	at org.apache.kafka.clients.producer.KafkaProducer.doSend(KafkaProducer.java:711) ~[kafka-clients-0.11.0.0.jar:?]
	... 10 more
2019-10-16 22:18:45,617 INFO n.a.d.j.g.JsonDataGenerator [main] Overriding Simulation Config file from command line to use [ kafka.json ]
2019-10-16 22:18:45,619 DEBUG n.a.d.j.g.JsonDataGenerator [main] Creating Simulation Runner using Simulation Config [ kafka.json ]
2019-10-16 22:18:45,975 INFO n.a.d.j.g.JsonDataGenerator [main] Adding Kafka Producer with properties: {type=kafka, broker.server=localhost, broker.port=9092, topic=test, flatten=false, sync=false}
2019-10-16 22:18:46,074 INFO n.a.d.j.g.SimulationRunner [main] Adding EventGenerator for [ jackieChan,jackieChanWorkflow.json ]
2019-10-16 22:18:46,074 INFO n.a.d.j.g.SimulationRunner [main] Starting Simulation
2019-10-16 22:18:46,198 DEBUG n.a.d.j.g.t.TypeHandlerFactory [Thread-1] Discovered TypeHandler [ random,net.acesinc.data.json.generator.types.RandomType ]
2019-10-16 22:18:46,198 DEBUG n.a.d.j.g.t.TypeHandlerFactory [Thread-1] Discovered TypeHandler [ alpha,net.acesinc.data.json.generator.types.AlphaType ]
2019-10-16 22:18:46,198 DEBUG n.a.d.j.g.t.TypeHandlerFactory [Thread-1] Discovered TypeHandler [ stringMerge,net.acesinc.data.json.generator.types.StringMergeType ]
2019-10-16 22:18:46,199 DEBUG n.a.d.j.g.t.TypeHandlerFactory [Thread-1] Discovered TypeHandler [ integer,net.acesinc.data.json.generator.types.IntegerType ]
2019-10-16 22:18:46,199 DEBUG n.a.d.j.g.t.TypeHandlerFactory [Thread-1] Discovered TypeHandler [ randomIncrementLong,net.acesinc.data.json.generator.types.RandomIncrementLongType ]
2019-10-16 22:18:46,199 DEBUG n.a.d.j.g.t.TypeHandlerFactory [Thread-1] Discovered TypeHandler [ lastName,net.acesinc.data.json.generator.types.LastName ]
2019-10-16 22:18:46,200 DEBUG n.a.d.j.g.t.TypeHandlerFactory [Thread-1] Discovered TypeHandler [ timestamp,net.acesinc.data.json.generator.types.TimestampType ]
2019-10-16 22:18:46,201 DEBUG n.a.d.j.g.t.TypeHandlerFactory [Thread-1] Discovered TypeHandler [ alphaNumeric,net.acesinc.data.json.generator.types.AlphaNumericType ]
2019-10-16 22:18:46,201 DEBUG n.a.d.j.g.t.TypeHandlerFactory [Thread-1] Discovered TypeHandler [ boolean,net.acesinc.data.json.generator.types.BooleanType ]
2019-10-16 22:18:46,202 DEBUG n.a.d.j.g.t.TypeHandlerFactory [Thread-1] Discovered TypeHandler [ nowTimestamp,net.acesinc.data.json.generator.types.NowTimestampType ]
2019-10-16 22:18:46,202 DEBUG n.a.d.j.g.t.TypeHandlerFactory [Thread-1] Discovered TypeHandler [ uuid,net.acesinc.data.json.generator.types.UuidType ]
2019-10-16 22:18:46,202 DEBUG n.a.d.j.g.t.TypeHandlerFactory [Thread-1] Discovered TypeHandler [ counter,net.acesinc.data.json.generator.types.CounterType ]
2019-10-16 22:18:46,203 DEBUG n.a.d.j.g.t.TypeHandlerFactory [Thread-1] Discovered TypeHandler [ double,net.acesinc.data.json.generator.types.DoubleType ]
2019-10-16 22:18:46,203 DEBUG n.a.d.j.g.t.TypeHandlerFactory [Thread-1] Discovered TypeHandler [ date,net.acesinc.data.json.generator.types.DateType ]
2019-10-16 22:18:46,203 DEBUG n.a.d.j.g.t.TypeHandlerFactory [Thread-1] Discovered TypeHandler [ firstName,net.acesinc.data.json.generator.types.FirstName ]
2019-10-16 22:18:46,204 DEBUG n.a.d.j.g.t.TypeHandlerFactory [Thread-1] Discovered TypeHandler [ long,net.acesinc.data.json.generator.types.LongType ]
2019-10-16 22:18:46,204 DEBUG n.a.d.j.g.t.TypeHandlerFactory [Thread-1] Discovered TypeHandler [ now,net.acesinc.data.json.generator.types.NowType ]
2019-10-16 22:18:46,221 DEBUG n.a.d.j.g.l.KafkaLogger [Thread-1] Sending event to Kafka: [ {"timestamp":"2019-10-16T22:18:46.207Z","style":"WUSHU","action":"JUMP","weapon":"BROAD_SWORD","target":"LEGS","strength":9.2628} ]
2019-10-16 22:18:48,262 DEBUG n.a.d.j.g.l.KafkaLogger [Thread-1] Sending event to Kafka: [ {"timestamp":"2019-10-16T22:18:48.259Z","style":"WUSHU","action":"KICK","weapon":"BROAD_SWORD","target":"ARMS","strength":2.2357} ]
2019-10-16 22:18:48,509 TRACE n.a.d.j.g.EventGenerator [Thread-1] Generator( jackieChan ) generated 1.0 events/sec
2019-10-16 22:18:49,562 DEBUG n.a.d.j.g.l.KafkaLogger [Thread-1] Sending event to Kafka: [ {"timestamp":"2019-10-16T22:18:49.561Z","style":"DRUNKEN_BOXING","action":"BLOCK","weapon":"ROPE","target":"HEAD","strength":8.9934} ]
2019-10-16 22:18:49,779 TRACE n.a.d.j.g.EventGenerator [Thread-1] Generator( jackieChan ) generated 1.0 events/sec
2019-10-16 22:18:50,721 DEBUG n.a.d.j.g.l.KafkaLogger [Thread-1] Sending event to Kafka: [ {"timestamp":"2019-10-16T22:18:50.720Z","style":"KUNG_FU","action":"JUMP","weapon":"ROPE","target":"ARMS","strength":7.7961} ]
2019-10-16 22:18:51,118 TRACE n.a.d.j.g.EventGenerator [Thread-1] Generator( jackieChan ) generated 1.0 events/sec
2019-10-16 22:18:52,487 DEBUG n.a.d.j.g.l.KafkaLogger [Thread-1] Sending event to Kafka: [ {"timestamp":"2019-10-16T22:18:52.486Z","style":"WUSHU","action":"JUMP","weapon":"STAFF","target":"LEGS","strength":8.9234} ]
2019-10-16 22:18:52,767 TRACE n.a.d.j.g.EventGenerator [Thread-1] Generator( jackieChan ) generated 1.0 events/sec
2019-10-16 22:18:54,177 DEBUG n.a.d.j.g.l.KafkaLogger [Thread-1] Sending event to Kafka: [ {"timestamp":"2019-10-16T22:18:54.176Z","style":"DRUNKEN_BOXING","action":"BLOCK","weapon":"STAFF","target":"ARMS","strength":4.172} ]
2019-10-16 22:18:54,448 TRACE n.a.d.j.g.EventGenerator [Thread-1] Generator( jackieChan ) generated 1.0 events/sec
2019-10-16 22:18:55,700 DEBUG n.a.d.j.g.l.KafkaLogger [Thread-1] Sending event to Kafka: [ {"timestamp":"2019-10-16T22:18:55.699Z","style":"DRUNKEN_BOXING","action":"JUMP","weapon":"ROPE","target":"HEAD","strength":3.2204} ]
2019-10-16 22:18:55,950 TRACE n.a.d.j.g.EventGenerator [Thread-1] Generator( jackieChan ) generated 1.0 events/sec
2019-10-16 22:18:57,044 DEBUG n.a.d.j.g.l.KafkaLogger [Thread-1] Sending event to Kafka: [ {"timestamp":"2019-10-16T22:18:57.043Z","style":"WUSHU","action":"KICK","weapon":"BROAD_SWORD","target":"BODY","strength":6.0878} ]
2019-10-16 22:18:57,369 TRACE n.a.d.j.g.EventGenerator [Thread-1] Generator( jackieChan ) generated 1.0 events/sec
2019-10-16 22:18:58,151 DEBUG n.a.d.j.g.l.KafkaLogger [Thread-1] Sending event to Kafka: [ {"timestamp":"2019-10-16T22:18:58.150Z","style":"DRUNKEN_BOXING","action":"KICK","weapon":"ROPE","target":"HEAD","strength":2.7066} ]
2019-10-16 22:18:58,447 TRACE n.a.d.j.g.EventGenerator [Thread-1] Generator( jackieChan ) generated 1.0 events/sec
2019-10-16 22:18:59,614 DEBUG n.a.d.j.g.l.KafkaLogger [Thread-1] Sending event to Kafka: [ {"timestamp":"2019-10-16T22:18:59.613Z","style":"KUNG_FU","action":"BLOCK","weapon":"STAFF","target":"ARMS","strength":4.6057} ]
2019-10-16 22:18:59,963 TRACE n.a.d.j.g.EventGenerator [Thread-1] Generator( jackieChan ) generated 1.0 events/sec
2019-10-16 22:19:01,237 DEBUG n.a.d.j.g.l.KafkaLogger [Thread-1] Sending event to Kafka: [ {"timestamp":"2019-10-16T22:19:01.237Z","style":"DRUNKEN_BOXING","action":"PUNCH","weapon":"CHAIR","target":"BODY","strength":1.7705} ]
2019-10-16 22:19:01,479 TRACE n.a.d.j.g.EventGenerator [Thread-1] Generator( jackieChan ) generated 1.0 events/sec
2019-10-16 22:19:02,685 DEBUG n.a.d.j.g.l.KafkaLogger [Thread-1] Sending event to Kafka: [ {"timestamp":"2019-10-16T22:19:02.685Z","style":"WUSHU","action":"JUMP","weapon":"STAFF","target":"HEAD","strength":3.6457} ]
2019-10-16 22:19:03,020 TRACE n.a.d.j.g.EventGenerator [Thread-1] Generator( jackieChan ) generated 1.0 events/sec
2019-10-16 22:19:03,835 DEBUG n.a.d.j.g.l.KafkaLogger [Thread-1] Sending event to Kafka: [ {"timestamp":"2019-10-16T22:19:03.835Z","style":"WUSHU","action":"JUMP","weapon":"ROPE","target":"ARMS","strength":7.4466} ]
2019-10-16 22:19:04,229 TRACE n.a.d.j.g.EventGenerator [Thread-1] Generator( jackieChan ) generated 1.0 events/sec
2019-10-16 22:19:05,284 DEBUG n.a.d.j.g.l.KafkaLogger [Thread-1] Sending event to Kafka: [ {"timestamp":"2019-10-16T22:19:05.283Z","style":"KUNG_FU","action":"PUNCH","weapon":"BROAD_SWORD","target":"HEAD","strength":8.3059} ]
2019-10-16 22:19:05,645 TRACE n.a.d.j.g.EventGenerator [Thread-1] Generator( jackieChan ) generated 1.0 events/sec
2019-10-16 22:19:06,397 DEBUG n.a.d.j.g.l.KafkaLogger [Thread-1] Sending event to Kafka: [ {"timestamp":"2019-10-16T22:19:06.396Z","style":"KUNG_FU","action":"PUNCH","weapon":"BROAD_SWORD","target":"HEAD","strength":1.6695} ]
2019-10-16 22:19:06,788 TRACE n.a.d.j.g.EventGenerator [Thread-1] Generator( jackieChan ) generated 1.0 events/sec
2019-10-16 22:19:07,936 DEBUG n.a.d.j.g.l.KafkaLogger [Thread-1] Sending event to Kafka: [ {"timestamp":"2019-10-16T22:19:07.936Z","style":"WUSHU","action":"BLOCK","weapon":"CHAIR","target":"ARMS","strength":8.4584} ]
2019-10-16 22:19:08,297 TRACE n.a.d.j.g.EventGenerator [Thread-1] Generator( jackieChan ) generated 1.0 events/sec
2019-10-16 22:19:09,299 DEBUG n.a.d.j.g.l.KafkaLogger [Thread-1] Sending event to Kafka: [ {"timestamp":"2019-10-16T22:19:09.298Z","style":"DRUNKEN_BOXING","action":"PUNCH","weapon":"STAFF","target":"LEGS","strength":1.3719} ]
2019-10-16 22:19:09,551 TRACE n.a.d.j.g.EventGenerator [Thread-1] Generator( jackieChan ) generated 1.0 events/sec
2019-10-16 22:19:10,870 DEBUG n.a.d.j.g.l.KafkaLogger [Thread-1] Sending event to Kafka: [ {"timestamp":"2019-10-16T22:19:10.869Z","style":"WUSHU","action":"KICK","weapon":"BROAD_SWORD","target":"LEGS","strength":6.0404} ]
2019-10-16 22:19:11,144 TRACE n.a.d.j.g.EventGenerator [Thread-1] Generator( jackieChan ) generated 1.0 events/sec
2019-10-16 22:19:12,497 DEBUG n.a.d.j.g.l.KafkaLogger [Thread-1] Sending event to Kafka: [ {"timestamp":"2019-10-16T22:19:12.496Z","style":"WUSHU","action":"KICK","weapon":"BROAD_SWORD","target":"LEGS","strength":7.8174} ]
2019-10-16 22:19:12,852 TRACE n.a.d.j.g.EventGenerator [Thread-1] Generator( jackieChan ) generated 1.0 events/sec
2019-10-16 22:19:14,190 DEBUG n.a.d.j.g.l.KafkaLogger [Thread-1] Sending event to Kafka: [ {"timestamp":"2019-10-16T22:19:14.190Z","style":"KUNG_FU","action":"KICK","weapon":"STAFF","target":"LEGS","strength":2.0649} ]
2019-10-16 22:19:14,470 TRACE n.a.d.j.g.EventGenerator [Thread-1] Generator( jackieChan ) generated 1.0 events/sec
2019-10-16 22:19:15,518 DEBUG n.a.d.j.g.l.KafkaLogger [Thread-1] Sending event to Kafka: [ {"timestamp":"2019-10-16T22:19:15.518Z","style":"DRUNKEN_BOXING","action":"PUNCH","weapon":"STAFF","target":"HEAD","strength":6.9828} ]
2019-10-16 22:19:15,751 TRACE n.a.d.j.g.EventGenerator [Thread-1] Generator( jackieChan ) generated 1.0 events/sec
2019-10-16 22:19:16,691 DEBUG n.a.d.j.g.l.KafkaLogger [Thread-1] Sending event to Kafka: [ {"timestamp":"2019-10-16T22:19:16.690Z","style":"DRUNKEN_BOXING","action":"JUMP","weapon":"STAFF","target":"ARMS","strength":4.7258} ]
2019-10-16 22:19:16,977 TRACE n.a.d.j.g.EventGenerator [Thread-1] Generator( jackieChan ) generated 1.0 events/sec
2019-10-16 22:19:18,232 DEBUG n.a.d.j.g.l.KafkaLogger [Thread-1] Sending event to Kafka: [ {"timestamp":"2019-10-16T22:19:18.231Z","style":"DRUNKEN_BOXING","action":"JUMP","weapon":"BROAD_SWORD","target":"BODY","strength":3.7944} ]
2019-10-16 22:19:18,576 TRACE n.a.d.j.g.EventGenerator [Thread-1] Generator( jackieChan ) generated 1.0 events/sec
2019-10-16 22:19:19,712 DEBUG n.a.d.j.g.l.KafkaLogger [Thread-1] Sending event to Kafka: [ {"timestamp":"2019-10-16T22:19:19.712Z","style":"KUNG_FU","action":"PUNCH","weapon":"CHAIR","target":"ARMS","strength":1.4979} ]
2019-10-16 22:19:19,939 TRACE n.a.d.j.g.EventGenerator [Thread-1] Generator( jackieChan ) generated 1.0 events/sec
2019-10-16 22:19:21,380 DEBUG n.a.d.j.g.l.KafkaLogger [Thread-1] Sending event to Kafka: [ {"timestamp":"2019-10-16T22:19:21.379Z","style":"DRUNKEN_BOXING","action":"BLOCK","weapon":"BROAD_SWORD","target":"HEAD","strength":2.8843} ]
2019-10-16 22:19:21,615 TRACE n.a.d.j.g.EventGenerator [Thread-1] Generator( jackieChan ) generated 1.0 events/sec
2019-10-16 22:19:22,490 DEBUG n.a.d.j.g.l.KafkaLogger [Thread-1] Sending event to Kafka: [ {"timestamp":"2019-10-16T22:19:22.490Z","style":"KUNG_FU","action":"PUNCH","weapon":"STAFF","target":"ARMS","strength":2.8464} ]
2019-10-16 22:19:22,772 TRACE n.a.d.j.g.EventGenerator [Thread-1] Generator( jackieChan ) generated 1.0 events/sec
2019-10-16 22:19:24,122 DEBUG n.a.d.j.g.l.KafkaLogger [Thread-1] Sending event to Kafka: [ {"timestamp":"2019-10-16T22:19:24.121Z","style":"WUSHU","action":"KICK","weapon":"CHAIR","target":"BODY","strength":6.2805} ]
2019-10-16 22:19:24,415 TRACE n.a.d.j.g.EventGenerator [Thread-1] Generator( jackieChan ) generated 1.0 events/sec
2019-10-16 22:19:25,193 DEBUG n.a.d.j.g.l.KafkaLogger [Thread-1] Sending event to Kafka: [ {"timestamp":"2019-10-16T22:19:25.193Z","style":"DRUNKEN_BOXING","action":"KICK","weapon":"STAFF","target":"LEGS","strength":1.8831} ]
2019-10-16 22:19:25,575 TRACE n.a.d.j.g.EventGenerator [Thread-1] Generator( jackieChan ) generated 1.0 events/sec
2019-10-16 22:19:25,689 INFO n.a.d.j.g.JsonDataGenerator [Thread-2] Shutdown Hook Invoked.  Shutting Down Loggers
2019-10-16 22:19:25,690 INFO n.a.d.j.g.SimulationRunner [Thread-2] Stopping Simulation
2019-10-16 22:20:37,525 INFO n.a.d.j.g.JsonDataGenerator [main] Overriding Simulation Config file from command line to use [ kafka.json ]
2019-10-16 22:20:37,527 DEBUG n.a.d.j.g.JsonDataGenerator [main] Creating Simulation Runner using Simulation Config [ kafka.json ]
2019-10-16 22:20:37,795 INFO n.a.d.j.g.JsonDataGenerator [main] Adding Kafka Producer with properties: {type=kafka, broker.server=localhost, broker.port=9092, topic=test, flatten=false, sync=false}
2019-10-16 22:20:37,896 INFO n.a.d.j.g.SimulationRunner [main] Adding EventGenerator for [ jackieChan,jackieChanWorkflow.json ]
2019-10-16 22:20:37,897 INFO n.a.d.j.g.SimulationRunner [main] Starting Simulation
2019-10-16 22:20:38,016 DEBUG n.a.d.j.g.t.TypeHandlerFactory [Thread-1] Discovered TypeHandler [ lastName,net.acesinc.data.json.generator.types.LastName ]
2019-10-16 22:20:38,017 DEBUG n.a.d.j.g.t.TypeHandlerFactory [Thread-1] Discovered TypeHandler [ long,net.acesinc.data.json.generator.types.LongType ]
2019-10-16 22:20:38,017 DEBUG n.a.d.j.g.t.TypeHandlerFactory [Thread-1] Discovered TypeHandler [ counter,net.acesinc.data.json.generator.types.CounterType ]
2019-10-16 22:20:38,018 DEBUG n.a.d.j.g.t.TypeHandlerFactory [Thread-1] Discovered TypeHandler [ uuid,net.acesinc.data.json.generator.types.UuidType ]
2019-10-16 22:20:38,018 DEBUG n.a.d.j.g.t.TypeHandlerFactory [Thread-1] Discovered TypeHandler [ random,net.acesinc.data.json.generator.types.RandomType ]
2019-10-16 22:20:38,019 DEBUG n.a.d.j.g.t.TypeHandlerFactory [Thread-1] Discovered TypeHandler [ integer,net.acesinc.data.json.generator.types.IntegerType ]
2019-10-16 22:20:38,019 DEBUG n.a.d.j.g.t.TypeHandlerFactory [Thread-1] Discovered TypeHandler [ randomIncrementLong,net.acesinc.data.json.generator.types.RandomIncrementLongType ]
2019-10-16 22:20:38,019 DEBUG n.a.d.j.g.t.TypeHandlerFactory [Thread-1] Discovered TypeHandler [ now,net.acesinc.data.json.generator.types.NowType ]
2019-10-16 22:20:38,020 DEBUG n.a.d.j.g.t.TypeHandlerFactory [Thread-1] Discovered TypeHandler [ double,net.acesinc.data.json.generator.types.DoubleType ]
2019-10-16 22:20:38,020 DEBUG n.a.d.j.g.t.TypeHandlerFactory [Thread-1] Discovered TypeHandler [ alpha,net.acesinc.data.json.generator.types.AlphaType ]
2019-10-16 22:20:38,021 DEBUG n.a.d.j.g.t.TypeHandlerFactory [Thread-1] Discovered TypeHandler [ date,net.acesinc.data.json.generator.types.DateType ]
2019-10-16 22:20:38,022 DEBUG n.a.d.j.g.t.TypeHandlerFactory [Thread-1] Discovered TypeHandler [ boolean,net.acesinc.data.json.generator.types.BooleanType ]
2019-10-16 22:20:38,022 DEBUG n.a.d.j.g.t.TypeHandlerFactory [Thread-1] Discovered TypeHandler [ alphaNumeric,net.acesinc.data.json.generator.types.AlphaNumericType ]
2019-10-16 22:20:38,022 DEBUG n.a.d.j.g.t.TypeHandlerFactory [Thread-1] Discovered TypeHandler [ timestamp,net.acesinc.data.json.generator.types.TimestampType ]
2019-10-16 22:20:38,023 DEBUG n.a.d.j.g.t.TypeHandlerFactory [Thread-1] Discovered TypeHandler [ firstName,net.acesinc.data.json.generator.types.FirstName ]
2019-10-16 22:20:38,023 DEBUG n.a.d.j.g.t.TypeHandlerFactory [Thread-1] Discovered TypeHandler [ stringMerge,net.acesinc.data.json.generator.types.StringMergeType ]
2019-10-16 22:20:38,024 DEBUG n.a.d.j.g.t.TypeHandlerFactory [Thread-1] Discovered TypeHandler [ nowTimestamp,net.acesinc.data.json.generator.types.NowTimestampType ]
2019-10-16 22:20:38,045 DEBUG n.a.d.j.g.l.KafkaLogger [Thread-1] Sending event to Kafka: [ {"timestamp":"2019-10-16T22:20:38.027Z","style":"KUNG_FU","action":"JUMP","weapon":"BROAD_SWORD","target":"HEAD","strength":9.6569} ]
2019-10-16 22:20:39,403 DEBUG n.a.d.j.g.l.KafkaLogger [Thread-1] Sending event to Kafka: [ {"timestamp":"2019-10-16T22:20:39.402Z","style":"KUNG_FU","action":"PUNCH","weapon":"CHAIR","target":"ARMS","strength":7.5653} ]
2019-10-16 22:20:39,709 TRACE n.a.d.j.g.EventGenerator [Thread-1] Generator( jackieChan ) generated 2.0 events/sec
2019-10-16 22:20:41,136 DEBUG n.a.d.j.g.l.KafkaLogger [Thread-1] Sending event to Kafka: [ {"timestamp":"2019-10-16T22:20:41.135Z","style":"DRUNKEN_BOXING","action":"KICK","weapon":"ROPE","target":"LEGS","strength":5.6352} ]
2019-10-16 22:20:41,377 TRACE n.a.d.j.g.EventGenerator [Thread-1] Generator( jackieChan ) generated 1.0 events/sec
2019-10-16 22:20:42,720 DEBUG n.a.d.j.g.l.KafkaLogger [Thread-1] Sending event to Kafka: [ {"timestamp":"2019-10-16T22:20:42.718Z","style":"WUSHU","action":"JUMP","weapon":"STAFF","target":"HEAD","strength":7.2941} ]
2019-10-16 22:20:42,969 TRACE n.a.d.j.g.EventGenerator [Thread-1] Generator( jackieChan ) generated 1.0 events/sec
2019-10-16 22:20:43,820 DEBUG n.a.d.j.g.l.KafkaLogger [Thread-1] Sending event to Kafka: [ {"timestamp":"2019-10-16T22:20:43.819Z","style":"DRUNKEN_BOXING","action":"PUNCH","weapon":"ROPE","target":"HEAD","strength":1.7671} ]
2019-10-16 22:20:44,145 TRACE n.a.d.j.g.EventGenerator [Thread-1] Generator( jackieChan ) generated 1.0 events/sec
2019-10-16 22:20:45,529 DEBUG n.a.d.j.g.l.KafkaLogger [Thread-1] Sending event to Kafka: [ {"timestamp":"2019-10-16T22:20:45.528Z","style":"WUSHU","action":"PUNCH","weapon":"STAFF","target":"HEAD","strength":6.7849} ]
2019-10-16 22:20:45,908 TRACE n.a.d.j.g.EventGenerator [Thread-1] Generator( jackieChan ) generated 1.0 events/sec
2019-10-16 22:20:47,249 DEBUG n.a.d.j.g.l.KafkaLogger [Thread-1] Sending event to Kafka: [ {"timestamp":"2019-10-16T22:20:47.248Z","style":"KUNG_FU","action":"BLOCK","weapon":"CHAIR","target":"BODY","strength":5.1509} ]
2019-10-16 22:20:47,501 TRACE n.a.d.j.g.EventGenerator [Thread-1] Generator( jackieChan ) generated 1.0 events/sec
2019-10-16 22:20:48,633 DEBUG n.a.d.j.g.l.KafkaLogger [Thread-1] Sending event to Kafka: [ {"timestamp":"2019-10-16T22:20:48.632Z","style":"DRUNKEN_BOXING","action":"KICK","weapon":"CHAIR","target":"ARMS","strength":1.2041} ]
2019-10-16 22:20:49,006 TRACE n.a.d.j.g.EventGenerator [Thread-1] Generator( jackieChan ) generated 1.0 events/sec
2019-10-16 22:20:49,928 DEBUG n.a.d.j.g.l.KafkaLogger [Thread-1] Sending event to Kafka: [ {"timestamp":"2019-10-16T22:20:49.926Z","style":"WUSHU","action":"KICK","weapon":"BROAD_SWORD","target":"HEAD","strength":6.3449} ]
2019-10-16 22:20:50,130 TRACE n.a.d.j.g.EventGenerator [Thread-1] Generator( jackieChan ) generated 1.0 events/sec
2019-10-16 22:20:51,209 DEBUG n.a.d.j.g.l.KafkaLogger [Thread-1] Sending event to Kafka: [ {"timestamp":"2019-10-16T22:20:51.208Z","style":"WUSHU","action":"PUNCH","weapon":"ROPE","target":"ARMS","strength":1.2502} ]
2019-10-16 22:20:51,526 TRACE n.a.d.j.g.EventGenerator [Thread-1] Generator( jackieChan ) generated 1.0 events/sec
2019-10-16 22:20:52,955 DEBUG n.a.d.j.g.l.KafkaLogger [Thread-1] Sending event to Kafka: [ {"timestamp":"2019-10-16T22:20:52.954Z","style":"WUSHU","action":"KICK","weapon":"CHAIR","target":"LEGS","strength":6.2352} ]
2019-10-16 22:20:53,334 TRACE n.a.d.j.g.EventGenerator [Thread-1] Generator( jackieChan ) generated 1.0 events/sec
2019-10-16 22:20:54,384 DEBUG n.a.d.j.g.l.KafkaLogger [Thread-1] Sending event to Kafka: [ {"timestamp":"2019-10-16T22:20:54.383Z","style":"DRUNKEN_BOXING","action":"KICK","weapon":"ROPE","target":"LEGS","strength":1.1954} ]
2019-10-16 22:20:54,669 TRACE n.a.d.j.g.EventGenerator [Thread-1] Generator( jackieChan ) generated 1.0 events/sec
2019-10-16 22:20:55,831 DEBUG n.a.d.j.g.l.KafkaLogger [Thread-1] Sending event to Kafka: [ {"timestamp":"2019-10-16T22:20:55.831Z","style":"WUSHU","action":"JUMP","weapon":"CHAIR","target":"ARMS","strength":9.6764} ]
2019-10-16 22:20:56,153 TRACE n.a.d.j.g.EventGenerator [Thread-1] Generator( jackieChan ) generated 1.0 events/sec
2019-10-16 22:20:56,996 DEBUG n.a.d.j.g.l.KafkaLogger [Thread-1] Sending event to Kafka: [ {"timestamp":"2019-10-16T22:20:56.995Z","style":"KUNG_FU","action":"BLOCK","weapon":"STAFF","target":"HEAD","strength":1.6771} ]
2019-10-16 22:20:57,294 TRACE n.a.d.j.g.EventGenerator [Thread-1] Generator( jackieChan ) generated 1.0 events/sec
2019-10-16 22:20:58,617 DEBUG n.a.d.j.g.l.KafkaLogger [Thread-1] Sending event to Kafka: [ {"timestamp":"2019-10-16T22:20:58.615Z","style":"DRUNKEN_BOXING","action":"KICK","weapon":"BROAD_SWORD","target":"HEAD","strength":9.1326} ]
2019-10-16 22:20:58,865 TRACE n.a.d.j.g.EventGenerator [Thread-1] Generator( jackieChan ) generated 1.0 events/sec
2019-10-16 22:21:00,206 DEBUG n.a.d.j.g.l.KafkaLogger [Thread-1] Sending event to Kafka: [ {"timestamp":"2019-10-16T22:21:00.205Z","style":"WUSHU","action":"PUNCH","weapon":"CHAIR","target":"HEAD","strength":6.582} ]
2019-10-16 22:21:00,548 TRACE n.a.d.j.g.EventGenerator [Thread-1] Generator( jackieChan ) generated 1.0 events/sec
2019-10-16 22:21:01,483 DEBUG n.a.d.j.g.l.KafkaLogger [Thread-1] Sending event to Kafka: [ {"timestamp":"2019-10-16T22:21:01.482Z","style":"KUNG_FU","action":"JUMP","weapon":"BROAD_SWORD","target":"ARMS","strength":9.4538} ]
2019-10-16 22:21:01,765 TRACE n.a.d.j.g.EventGenerator [Thread-1] Generator( jackieChan ) generated 1.0 events/sec
2019-10-16 22:21:03,182 DEBUG n.a.d.j.g.l.KafkaLogger [Thread-1] Sending event to Kafka: [ {"timestamp":"2019-10-16T22:21:03.180Z","style":"DRUNKEN_BOXING","action":"KICK","weapon":"CHAIR","target":"LEGS","strength":2.4777} ]
2019-10-16 22:21:03,462 TRACE n.a.d.j.g.EventGenerator [Thread-1] Generator( jackieChan ) generated 1.0 events/sec
2019-10-16 22:21:04,725 DEBUG n.a.d.j.g.l.KafkaLogger [Thread-1] Sending event to Kafka: [ {"timestamp":"2019-10-16T22:21:04.724Z","style":"KUNG_FU","action":"PUNCH","weapon":"BROAD_SWORD","target":"LEGS","strength":7.8009} ]
2019-10-16 22:21:04,967 TRACE n.a.d.j.g.EventGenerator [Thread-1] Generator( jackieChan ) generated 1.0 events/sec
2019-10-16 22:21:05,972 DEBUG n.a.d.j.g.l.KafkaLogger [Thread-1] Sending event to Kafka: [ {"timestamp":"2019-10-16T22:21:05.972Z","style":"DRUNKEN_BOXING","action":"JUMP","weapon":"ROPE","target":"BODY","strength":3.1762} ]
2019-10-16 22:21:06,356 TRACE n.a.d.j.g.EventGenerator [Thread-1] Generator( jackieChan ) generated 1.0 events/sec
2019-10-16 22:21:07,787 DEBUG n.a.d.j.g.l.KafkaLogger [Thread-1] Sending event to Kafka: [ {"timestamp":"2019-10-16T22:21:07.787Z","style":"DRUNKEN_BOXING","action":"KICK","weapon":"ROPE","target":"HEAD","strength":4.2495} ]
2019-10-16 22:21:08,162 TRACE n.a.d.j.g.EventGenerator [Thread-1] Generator( jackieChan ) generated 1.0 events/sec
2019-10-16 22:21:09,303 DEBUG n.a.d.j.g.l.KafkaLogger [Thread-1] Sending event to Kafka: [ {"timestamp":"2019-10-16T22:21:09.302Z","style":"DRUNKEN_BOXING","action":"BLOCK","weapon":"STAFF","target":"LEGS","strength":5.5325} ]
2019-10-16 22:21:09,527 TRACE n.a.d.j.g.EventGenerator [Thread-1] Generator( jackieChan ) generated 1.0 events/sec
2019-10-16 22:21:10,452 DEBUG n.a.d.j.g.l.KafkaLogger [Thread-1] Sending event to Kafka: [ {"timestamp":"2019-10-16T22:21:10.451Z","style":"KUNG_FU","action":"JUMP","weapon":"STAFF","target":"HEAD","strength":8.1543} ]
2019-10-16 22:21:10,688 TRACE n.a.d.j.g.EventGenerator [Thread-1] Generator( jackieChan ) generated 1.0 events/sec
2019-10-16 22:21:11,829 DEBUG n.a.d.j.g.l.KafkaLogger [Thread-1] Sending event to Kafka: [ {"timestamp":"2019-10-16T22:21:11.829Z","style":"DRUNKEN_BOXING","action":"KICK","weapon":"ROPE","target":"LEGS","strength":4.7042} ]
2019-10-16 22:21:12,140 TRACE n.a.d.j.g.EventGenerator [Thread-1] Generator( jackieChan ) generated 1.0 events/sec
2019-10-16 22:21:13,032 DEBUG n.a.d.j.g.l.KafkaLogger [Thread-1] Sending event to Kafka: [ {"timestamp":"2019-10-16T22:21:13.032Z","style":"KUNG_FU","action":"PUNCH","weapon":"CHAIR","target":"ARMS","strength":9.2899} ]
2019-10-16 22:21:13,295 TRACE n.a.d.j.g.EventGenerator [Thread-1] Generator( jackieChan ) generated 1.0 events/sec
2019-10-16 22:21:14,320 DEBUG n.a.d.j.g.l.KafkaLogger [Thread-1] Sending event to Kafka: [ {"timestamp":"2019-10-16T22:21:14.319Z","style":"KUNG_FU","action":"BLOCK","weapon":"ROPE","target":"ARMS","strength":3.1038} ]
2019-10-16 22:21:14,614 TRACE n.a.d.j.g.EventGenerator [Thread-1] Generator( jackieChan ) generated 1.0 events/sec
2019-10-16 22:21:15,782 DEBUG n.a.d.j.g.l.KafkaLogger [Thread-1] Sending event to Kafka: [ {"timestamp":"2019-10-16T22:21:15.782Z","style":"KUNG_FU","action":"BLOCK","weapon":"ROPE","target":"HEAD","strength":5.6236} ]
2019-10-16 22:21:16,138 TRACE n.a.d.j.g.EventGenerator [Thread-1] Generator( jackieChan ) generated 1.0 events/sec
2019-10-16 22:21:16,953 DEBUG n.a.d.j.g.l.KafkaLogger [Thread-1] Sending event to Kafka: [ {"timestamp":"2019-10-16T22:21:16.952Z","style":"KUNG_FU","action":"PUNCH","weapon":"CHAIR","target":"HEAD","strength":4.7875} ]
2019-10-16 22:21:17,235 TRACE n.a.d.j.g.EventGenerator [Thread-1] Generator( jackieChan ) generated 1.0 events/sec
2019-10-16 22:21:18,377 DEBUG n.a.d.j.g.l.KafkaLogger [Thread-1] Sending event to Kafka: [ {"timestamp":"2019-10-16T22:21:18.377Z","style":"KUNG_FU","action":"KICK","weapon":"CHAIR","target":"HEAD","strength":1.3461} ]
2019-10-16 22:21:18,770 TRACE n.a.d.j.g.EventGenerator [Thread-1] Generator( jackieChan ) generated 1.0 events/sec
2019-10-16 22:21:19,922 DEBUG n.a.d.j.g.l.KafkaLogger [Thread-1] Sending event to Kafka: [ {"timestamp":"2019-10-16T22:21:19.921Z","style":"WUSHU","action":"JUMP","weapon":"CHAIR","target":"HEAD","strength":5.226} ]
2019-10-16 22:21:20,304 TRACE n.a.d.j.g.EventGenerator [Thread-1] Generator( jackieChan ) generated 1.0 events/sec
2019-10-16 22:21:21,143 DEBUG n.a.d.j.g.l.KafkaLogger [Thread-1] Sending event to Kafka: [ {"timestamp":"2019-10-16T22:21:21.143Z","style":"KUNG_FU","action":"PUNCH","weapon":"STAFF","target":"HEAD","strength":7.158} ]
2019-10-16 22:21:21,350 TRACE n.a.d.j.g.EventGenerator [Thread-1] Generator( jackieChan ) generated 1.0 events/sec
2019-10-16 22:21:22,523 DEBUG n.a.d.j.g.l.KafkaLogger [Thread-1] Sending event to Kafka: [ {"timestamp":"2019-10-16T22:21:22.522Z","style":"WUSHU","action":"JUMP","weapon":"BROAD_SWORD","target":"BODY","strength":7.3201} ]
2019-10-16 22:21:22,847 TRACE n.a.d.j.g.EventGenerator [Thread-1] Generator( jackieChan ) generated 1.0 events/sec
2019-10-16 22:21:23,963 DEBUG n.a.d.j.g.l.KafkaLogger [Thread-1] Sending event to Kafka: [ {"timestamp":"2019-10-16T22:21:23.963Z","style":"WUSHU","action":"KICK","weapon":"CHAIR","target":"ARMS","strength":1.4645} ]
2019-10-16 22:21:24,261 TRACE n.a.d.j.g.EventGenerator [Thread-1] Generator( jackieChan ) generated 1.0 events/sec
2019-10-16 22:21:25,548 DEBUG n.a.d.j.g.l.KafkaLogger [Thread-1] Sending event to Kafka: [ {"timestamp":"2019-10-16T22:21:25.547Z","style":"WUSHU","action":"PUNCH","weapon":"STAFF","target":"BODY","strength":2.2547} ]
2019-10-16 22:21:25,828 TRACE n.a.d.j.g.EventGenerator [Thread-1] Generator( jackieChan ) generated 1.0 events/sec
2019-10-16 22:21:26,893 DEBUG n.a.d.j.g.l.KafkaLogger [Thread-1] Sending event to Kafka: [ {"timestamp":"2019-10-16T22:21:26.893Z","style":"WUSHU","action":"JUMP","weapon":"ROPE","target":"BODY","strength":7.9002} ]
2019-10-16 22:21:27,114 TRACE n.a.d.j.g.EventGenerator [Thread-1] Generator( jackieChan ) generated 1.0 events/sec
2019-10-16 22:21:28,574 DEBUG n.a.d.j.g.l.KafkaLogger [Thread-1] Sending event to Kafka: [ {"timestamp":"2019-10-16T22:21:28.574Z","style":"KUNG_FU","action":"PUNCH","weapon":"CHAIR","target":"LEGS","strength":6.7539} ]
2019-10-16 22:21:28,829 TRACE n.a.d.j.g.EventGenerator [Thread-1] Generator( jackieChan ) generated 1.0 events/sec
2019-10-16 22:21:30,053 DEBUG n.a.d.j.g.l.KafkaLogger [Thread-1] Sending event to Kafka: [ {"timestamp":"2019-10-16T22:21:30.052Z","style":"KUNG_FU","action":"BLOCK","weapon":"BROAD_SWORD","target":"LEGS","strength":3.8178} ]
2019-10-16 22:21:30,409 TRACE n.a.d.j.g.EventGenerator [Thread-1] Generator( jackieChan ) generated 1.0 events/sec
2019-10-16 22:21:31,819 DEBUG n.a.d.j.g.l.KafkaLogger [Thread-1] Sending event to Kafka: [ {"timestamp":"2019-10-16T22:21:31.819Z","style":"KUNG_FU","action":"KICK","weapon":"ROPE","target":"HEAD","strength":5.5139} ]
2019-10-16 22:21:32,164 TRACE n.a.d.j.g.EventGenerator [Thread-1] Generator( jackieChan ) generated 1.0 events/sec
2019-10-16 22:21:33,399 DEBUG n.a.d.j.g.l.KafkaLogger [Thread-1] Sending event to Kafka: [ {"timestamp":"2019-10-16T22:21:33.399Z","style":"WUSHU","action":"BLOCK","weapon":"BROAD_SWORD","target":"ARMS","strength":8.0311} ]
2019-10-16 22:21:33,626 TRACE n.a.d.j.g.EventGenerator [Thread-1] Generator( jackieChan ) generated 1.0 events/sec
2019-10-16 22:21:34,448 DEBUG n.a.d.j.g.l.KafkaLogger [Thread-1] Sending event to Kafka: [ {"timestamp":"2019-10-16T22:21:34.447Z","style":"DRUNKEN_BOXING","action":"BLOCK","weapon":"BROAD_SWORD","target":"BODY","strength":7.8832} ]
2019-10-16 22:21:34,684 TRACE n.a.d.j.g.EventGenerator [Thread-1] Generator( jackieChan ) generated 1.0 events/sec
2019-10-16 22:21:35,995 DEBUG n.a.d.j.g.l.KafkaLogger [Thread-1] Sending event to Kafka: [ {"timestamp":"2019-10-16T22:21:35.994Z","style":"KUNG_FU","action":"JUMP","weapon":"BROAD_SWORD","target":"HEAD","strength":6.1747} ]
2019-10-16 22:21:36,283 TRACE n.a.d.j.g.EventGenerator [Thread-1] Generator( jackieChan ) generated 1.0 events/sec
2019-10-16 22:21:37,435 DEBUG n.a.d.j.g.l.KafkaLogger [Thread-1] Sending event to Kafka: [ {"timestamp":"2019-10-16T22:21:37.434Z","style":"WUSHU","action":"BLOCK","weapon":"STAFF","target":"BODY","strength":9.1384} ]
2019-10-16 22:21:37,663 TRACE n.a.d.j.g.EventGenerator [Thread-1] Generator( jackieChan ) generated 1.0 events/sec
2019-10-16 22:21:38,726 DEBUG n.a.d.j.g.l.KafkaLogger [Thread-1] Sending event to Kafka: [ {"timestamp":"2019-10-16T22:21:38.725Z","style":"WUSHU","action":"KICK","weapon":"ROPE","target":"HEAD","strength":5.6962} ]
2019-10-16 22:21:38,955 TRACE n.a.d.j.g.EventGenerator [Thread-1] Generator( jackieChan ) generated 1.0 events/sec
2019-10-16 22:21:40,111 DEBUG n.a.d.j.g.l.KafkaLogger [Thread-1] Sending event to Kafka: [ {"timestamp":"2019-10-16T22:21:40.111Z","style":"WUSHU","action":"KICK","weapon":"BROAD_SWORD","target":"LEGS","strength":7.2112} ]
2019-10-16 22:21:40,454 TRACE n.a.d.j.g.EventGenerator [Thread-1] Generator( jackieChan ) generated 1.0 events/sec
2019-10-16 22:21:41,888 DEBUG n.a.d.j.g.l.KafkaLogger [Thread-1] Sending event to Kafka: [ {"timestamp":"2019-10-16T22:21:41.887Z","style":"DRUNKEN_BOXING","action":"PUNCH","weapon":"ROPE","target":"BODY","strength":3.3565} ]
2019-10-16 22:21:42,285 TRACE n.a.d.j.g.EventGenerator [Thread-1] Generator( jackieChan ) generated 1.0 events/sec
2019-10-16 22:21:43,286 DEBUG n.a.d.j.g.l.KafkaLogger [Thread-1] Sending event to Kafka: [ {"timestamp":"2019-10-16T22:21:43.286Z","style":"DRUNKEN_BOXING","action":"BLOCK","weapon":"ROPE","target":"BODY","strength":7.2799} ]
2019-10-16 22:21:43,560 TRACE n.a.d.j.g.EventGenerator [Thread-1] Generator( jackieChan ) generated 1.0 events/sec
2019-10-16 22:21:44,313 DEBUG n.a.d.j.g.l.KafkaLogger [Thread-1] Sending event to Kafka: [ {"timestamp":"2019-10-16T22:21:44.312Z","style":"WUSHU","action":"KICK","weapon":"BROAD_SWORD","target":"HEAD","strength":3.5034} ]
2019-10-16 22:21:44,705 TRACE n.a.d.j.g.EventGenerator [Thread-1] Generator( jackieChan ) generated 1.0 events/sec
2019-10-16 22:21:45,953 DEBUG n.a.d.j.g.l.KafkaLogger [Thread-1] Sending event to Kafka: [ {"timestamp":"2019-10-16T22:21:45.953Z","style":"KUNG_FU","action":"KICK","weapon":"STAFF","target":"BODY","strength":6.8749} ]
2019-10-16 22:21:46,296 TRACE n.a.d.j.g.EventGenerator [Thread-1] Generator( jackieChan ) generated 1.0 events/sec
2019-10-16 22:21:47,672 DEBUG n.a.d.j.g.l.KafkaLogger [Thread-1] Sending event to Kafka: [ {"timestamp":"2019-10-16T22:21:47.671Z","style":"WUSHU","action":"BLOCK","weapon":"STAFF","target":"LEGS","strength":8.5791} ]
2019-10-16 22:21:47,886 TRACE n.a.d.j.g.EventGenerator [Thread-1] Generator( jackieChan ) generated 1.0 events/sec
2019-10-16 22:21:48,749 DEBUG n.a.d.j.g.l.KafkaLogger [Thread-1] Sending event to Kafka: [ {"timestamp":"2019-10-16T22:21:48.749Z","style":"WUSHU","action":"PUNCH","weapon":"STAFF","target":"BODY","strength":2.8151} ]
2019-10-16 22:21:48,986 TRACE n.a.d.j.g.EventGenerator [Thread-1] Generator( jackieChan ) generated 1.0 events/sec
2019-10-16 22:21:50,280 DEBUG n.a.d.j.g.l.KafkaLogger [Thread-1] Sending event to Kafka: [ {"timestamp":"2019-10-16T22:21:50.280Z","style":"DRUNKEN_BOXING","action":"KICK","weapon":"ROPE","target":"ARMS","strength":4.8131} ]
2019-10-16 22:21:50,563 TRACE n.a.d.j.g.EventGenerator [Thread-1] Generator( jackieChan ) generated 1.0 events/sec
2019-10-16 22:21:51,689 DEBUG n.a.d.j.g.l.KafkaLogger [Thread-1] Sending event to Kafka: [ {"timestamp":"2019-10-16T22:21:51.689Z","style":"KUNG_FU","action":"JUMP","weapon":"CHAIR","target":"BODY","strength":3.4086} ]
2019-10-16 22:21:51,906 TRACE n.a.d.j.g.EventGenerator [Thread-1] Generator( jackieChan ) generated 1.0 events/sec
2019-10-16 22:21:52,847 DEBUG n.a.d.j.g.l.KafkaLogger [Thread-1] Sending event to Kafka: [ {"timestamp":"2019-10-16T22:21:52.846Z","style":"DRUNKEN_BOXING","action":"KICK","weapon":"CHAIR","target":"HEAD","strength":5.7613} ]
2019-10-16 22:21:53,245 TRACE n.a.d.j.g.EventGenerator [Thread-1] Generator( jackieChan ) generated 1.0 events/sec
2019-10-16 22:21:54,712 DEBUG n.a.d.j.g.l.KafkaLogger [Thread-1] Sending event to Kafka: [ {"timestamp":"2019-10-16T22:21:54.712Z","style":"DRUNKEN_BOXING","action":"JUMP","weapon":"BROAD_SWORD","target":"ARMS","strength":3.577} ]
2019-10-16 22:21:55,112 TRACE n.a.d.j.g.EventGenerator [Thread-1] Generator( jackieChan ) generated 1.0 events/sec
2019-10-16 22:21:56,152 DEBUG n.a.d.j.g.l.KafkaLogger [Thread-1] Sending event to Kafka: [ {"timestamp":"2019-10-16T22:21:56.152Z","style":"WUSHU","action":"BLOCK","weapon":"ROPE","target":"HEAD","strength":3.9268} ]
2019-10-16 22:21:56,482 TRACE n.a.d.j.g.EventGenerator [Thread-1] Generator( jackieChan ) generated 1.0 events/sec
2019-10-16 22:21:57,701 DEBUG n.a.d.j.g.l.KafkaLogger [Thread-1] Sending event to Kafka: [ {"timestamp":"2019-10-16T22:21:57.701Z","style":"DRUNKEN_BOXING","action":"BLOCK","weapon":"STAFF","target":"BODY","strength":9.3337} ]
2019-10-16 22:21:57,987 TRACE n.a.d.j.g.EventGenerator [Thread-1] Generator( jackieChan ) generated 1.0 events/sec
2019-10-16 22:21:59,092 DEBUG n.a.d.j.g.l.KafkaLogger [Thread-1] Sending event to Kafka: [ {"timestamp":"2019-10-16T22:21:59.092Z","style":"WUSHU","action":"KICK","weapon":"STAFF","target":"BODY","strength":9.7247} ]
2019-10-16 22:21:59,342 TRACE n.a.d.j.g.EventGenerator [Thread-1] Generator( jackieChan ) generated 1.0 events/sec
2019-10-16 22:22:00,196 DEBUG n.a.d.j.g.l.KafkaLogger [Thread-1] Sending event to Kafka: [ {"timestamp":"2019-10-16T22:22:00.196Z","style":"WUSHU","action":"JUMP","weapon":"ROPE","target":"HEAD","strength":4.9143} ]
2019-10-16 22:22:00,465 TRACE n.a.d.j.g.EventGenerator [Thread-1] Generator( jackieChan ) generated 1.0 events/sec
2019-10-16 22:22:01,940 DEBUG n.a.d.j.g.l.KafkaLogger [Thread-1] Sending event to Kafka: [ {"timestamp":"2019-10-16T22:22:01.939Z","style":"KUNG_FU","action":"PUNCH","weapon":"STAFF","target":"HEAD","strength":1.3288} ]
2019-10-16 22:22:02,143 TRACE n.a.d.j.g.EventGenerator [Thread-1] Generator( jackieChan ) generated 1.0 events/sec
2019-10-16 22:22:03,513 DEBUG n.a.d.j.g.l.KafkaLogger [Thread-1] Sending event to Kafka: [ {"timestamp":"2019-10-16T22:22:03.513Z","style":"DRUNKEN_BOXING","action":"PUNCH","weapon":"BROAD_SWORD","target":"ARMS","strength":3.6735} ]
2019-10-16 22:22:03,877 TRACE n.a.d.j.g.EventGenerator [Thread-1] Generator( jackieChan ) generated 1.0 events/sec
2019-10-16 22:22:04,841 DEBUG n.a.d.j.g.l.KafkaLogger [Thread-1] Sending event to Kafka: [ {"timestamp":"2019-10-16T22:22:04.841Z","style":"DRUNKEN_BOXING","action":"PUNCH","weapon":"STAFF","target":"BODY","strength":4.7025} ]
2019-10-16 22:22:05,080 TRACE n.a.d.j.g.EventGenerator [Thread-1] Generator( jackieChan ) generated 1.0 events/sec
2019-10-16 22:22:05,866 DEBUG n.a.d.j.g.l.KafkaLogger [Thread-1] Sending event to Kafka: [ {"timestamp":"2019-10-16T22:22:05.866Z","style":"KUNG_FU","action":"KICK","weapon":"CHAIR","target":"LEGS","strength":2.0789} ]
2019-10-16 22:22:06,106 TRACE n.a.d.j.g.EventGenerator [Thread-1] Generator( jackieChan ) generated 1.0 events/sec
2019-10-16 22:22:07,540 DEBUG n.a.d.j.g.l.KafkaLogger [Thread-1] Sending event to Kafka: [ {"timestamp":"2019-10-16T22:22:07.540Z","style":"WUSHU","action":"JUMP","weapon":"ROPE","target":"BODY","strength":2.3314} ]
2019-10-16 22:22:07,911 TRACE n.a.d.j.g.EventGenerator [Thread-1] Generator( jackieChan ) generated 1.0 events/sec
2019-10-16 22:22:09,089 DEBUG n.a.d.j.g.l.KafkaLogger [Thread-1] Sending event to Kafka: [ {"timestamp":"2019-10-16T22:22:09.089Z","style":"KUNG_FU","action":"KICK","weapon":"ROPE","target":"HEAD","strength":6.0192} ]
2019-10-16 22:22:09,430 TRACE n.a.d.j.g.EventGenerator [Thread-1] Generator( jackieChan ) generated 1.0 events/sec
2019-10-16 22:22:10,800 DEBUG n.a.d.j.g.l.KafkaLogger [Thread-1] Sending event to Kafka: [ {"timestamp":"2019-10-16T22:22:10.800Z","style":"WUSHU","action":"BLOCK","weapon":"CHAIR","target":"ARMS","strength":1.7328} ]
2019-10-16 22:22:11,151 TRACE n.a.d.j.g.EventGenerator [Thread-1] Generator( jackieChan ) generated 1.0 events/sec
2019-10-16 22:22:11,693 INFO n.a.d.j.g.JsonDataGenerator [Thread-2] Shutdown Hook Invoked.  Shutting Down Loggers
2019-10-16 22:22:11,694 INFO n.a.d.j.g.SimulationRunner [Thread-2] Stopping Simulation
